# JRE version: OpenJDK Runtime Environment Temurin-21.0.3+9 (21.0.3+9) (build 21.0.3+9-LTS)
# Java VM: OpenJDK 64-Bit Server VM Temurin-21.0.3+9 (21.0.3+9-LTS, mixed mode, sharing, tiered, compressed oops, compressed class ptrs, g1 gc, linux-amd64)
GC Precious Log:
 CardTable entry size: 512
 Card Set container configuration: InlinePtr #cards 4 size 8 Array Of Cards #cards 16 size 48 Howl #buckets 8 coarsen threshold 3686 Howl Bitmap #cards 512 size 80 coarsen threshold 460 Card regions per heap region 1 cards per card region 4096
 CPUs: 4 total, 4 available
 Memory: 15989M
 Large Page Support: Disabled
 NUMA Support: Disabled
 Compressed Oops: Enabled (Zero based)
 Heap Region Size: 2M
 Heap Min Capacity: 8M
 Heap Initial Capacity: 250M
 Heap Max Capacity: 3998M
 Pre-touch: Disabled
 Parallel Workers: 4
 Concurrent Workers: 1
 Concurrent Refinement Workers: 4
 Periodic GC: Disabled
Heap:
 garbage-first heap   total 823296K, used 488494K [0x0000000706200000, 0x0000000800000000)
  region size 2048K, 153 young (313344K), 26 survivors (53248K)
 Metaspace       used 27438K, committed 27904K, reserved 1114112K
  class space    used 2907K, committed 3136K, reserved 1048576K
GC Heap History (20 events):
Event: 4.064 GC heap after
{Heap after GC invocations=8 (full 0):
 garbage-first heap   total 225280K, used 84185K [0x0000000706200000, 0x0000000800000000)
  region size 2048K, 9 young (18432K), 9 survivors (18432K)
 Metaspace       used 22171K, committed 22528K, reserved 1114112K
  class space    used 2410K, committed 2560K, reserved 1048576K
}
Event: 4.383 GC heap before
{Heap before GC invocations=8 (full 0):
 garbage-first heap   total 225280K, used 182489K [0x0000000706200000, 0x0000000800000000)
  region size 2048K, 55 young (112640K), 9 survivors (18432K)
 Metaspace       used 22796K, committed 23232K, reserved 1114112K
  class space    used 2478K, committed 2688K, reserved 1048576K
}
Event: 4.399 GC heap after
{Heap after GC invocations=9 (full 0):
 garbage-first heap   total 225280K, used 107550K [0x0000000706200000, 0x0000000800000000)
  region size 2048K, 7 young (14336K), 7 survivors (14336K)
 Metaspace       used 22796K, committed 23232K, reserved 1114112K
  class space    used 2478K, committed 2688K, reserved 1048576K
}
Event: 4.660 GC heap before
{Heap before GC invocations=9 (full 0):
 garbage-first heap   total 225280K, used 185374K [0x0000000706200000, 0x0000000800000000)
  region size 2048K, 45 young (92160K), 7 survivors (14336K)
 Metaspace       used 22875K, committed 23360K, reserved 1114112K
  class space    used 2482K, committed 2688K, reserved 1048576K
}
Event: 4.694 GC heap after
{Heap after GC invocations=10 (full 0):
 garbage-first heap   total 225280K, used 130016K [0x0000000706200000, 0x0000000800000000)
  region size 2048K, 6 young (12288K), 6 survivors (12288K)
 Metaspace       used 22875K, committed 23360K, reserved 1114112K
  class space    used 2482K, committed 2688K, reserved 1048576K
}
Event: 4.816 GC heap before
{Heap before GC invocations=10 (full 0):
 garbage-first heap   total 225280K, used 187360K [0x0000000706200000, 0x0000000800000000)
  region size 2048K, 34 young (69632K), 6 survivors (12288K)
 Metaspace       used 22898K, committed 23360K, reserved 1114112K
  class space    used 2482K, committed 2688K, reserved 1048576K
}
Event: 4.829 GC heap after
{Heap after GC invocations=11 (full 0):
 garbage-first heap   total 411648K, used 144414K [0x0000000706200000, 0x0000000800000000)
  region size 2048K, 5 young (10240K), 5 survivors (10240K)
 Metaspace       used 22898K, committed 23360K, reserved 1114112K
  class space    used 2482K, committed 2688K, reserved 1048576K
}
Event: 5.919 GC heap before
{Heap before GC invocations=12 (full 0):
 garbage-first heap   total 411648K, used 310302K [0x0000000706200000, 0x0000000800000000)
  region size 2048K, 89 young (182272K), 5 survivors (10240K)
 Metaspace       used 24512K, committed 25024K, reserved 1114112K
  class space    used 2619K, committed 2880K, reserved 1048576K
}
Event: 5.947 GC heap after
{Heap after GC invocations=13 (full 0):
 garbage-first heap   total 411648K, used 179230K [0x0000000706200000, 0x0000000800000000)
  region size 2048K, 12 young (24576K), 12 survivors (24576K)
 Metaspace       used 24512K, committed 25024K, reserved 1114112K
  class space    used 2619K, committed 2880K, reserved 1048576K
}
Event: 6.370 GC heap before
{Heap before GC invocations=13 (full 0):
 garbage-first heap   total 411648K, used 322590K [0x0000000706200000, 0x0000000800000000)
  region size 2048K, 82 young (167936K), 12 survivors (24576K)
 Metaspace       used 26620K, committed 27136K, reserved 1114112K
  class space    used 2828K, committed 3072K, reserved 1048576K
}
Event: 6.487 GC heap after
{Heap after GC invocations=14 (full 0):
 garbage-first heap   total 411648K, used 202782K [0x0000000706200000, 0x0000000800000000)
  region size 2048K, 11 young (22528K), 11 survivors (22528K)
 Metaspace       used 26620K, committed 27136K, reserved 1114112K
  class space    used 2828K, committed 3072K, reserved 1048576K
}
Event: 6.743 GC heap before
{Heap before GC invocations=14 (full 0):
 garbage-first heap   total 411648K, used 331806K [0x0000000706200000, 0x0000000800000000)
  region size 2048K, 73 young (149504K), 11 survivors (22528K)
 Metaspace       used 26726K, committed 27264K, reserved 1114112K
  class space    used 2838K, committed 3072K, reserved 1048576K
}
Event: 6.759 GC heap after
{Heap after GC invocations=15 (full 0):
 garbage-first heap   total 411648K, used 225310K [0x0000000706200000, 0x0000000800000000)
  region size 2048K, 10 young (20480K), 10 survivors (20480K)
 Metaspace       used 26726K, committed 27264K, reserved 1114112K
  class space    used 2838K, committed 3072K, reserved 1048576K
}
Event: 6.764 GC heap before
{Heap before GC invocations=15 (full 0):
 garbage-first heap   total 411648K, used 227358K [0x0000000706200000, 0x0000000800000000)
  region size 2048K, 12 young (24576K), 10 survivors (20480K)
 Metaspace       used 26726K, committed 27264K, reserved 1114112K
  class space    used 2838K, committed 3072K, reserved 1048576K
}
Event: 6.770 GC heap after
{Heap after GC invocations=16 (full 0):
 garbage-first heap   total 411648K, used 228382K [0x0000000706200000, 0x0000000800000000)
  region size 2048K, 1 young (2048K), 1 survivors (2048K)
 Metaspace       used 26726K, committed 27264K, reserved 1114112K
  class space    used 2838K, committed 3072K, reserved 1048576K
}
Event: 7.115 GC heap before
{Heap before GC invocations=17 (full 0):
 garbage-first heap   total 411648K, used 322590K [0x0000000706200000, 0x0000000800000000)
  region size 2048K, 62 young (126976K), 1 survivors (2048K)
 Metaspace       used 26718K, committed 27264K, reserved 1114112K
  class space    used 2833K, committed 3072K, reserved 1048576K
}
Event: 7.128 GC heap after
{Heap after GC invocations=18 (full 0):
 garbage-first heap   total 411648K, used 231411K [0x0000000706200000, 0x0000000800000000)
  region size 2048K, 8 young (16384K), 8 survivors (16384K)
 Metaspace       used 26718K, committed 27264K, reserved 1114112K
  class space    used 2833K, committed 3072K, reserved 1048576K
}
Event: 7.358 GC heap before
{Heap before GC invocations=18 (full 0):
 garbage-first heap   total 411648K, used 348147K [0x0000000706200000, 0x0000000800000000)
  region size 2048K, 64 young (131072K), 8 survivors (16384K)
 Metaspace       used 27004K, committed 27456K, reserved 1114112K
  class space    used 2860K, committed 3072K, reserved 1048576K
}
Event: 7.403 GC heap after
{Heap after GC invocations=19 (full 0):
 garbage-first heap   total 823296K, used 229406K [0x0000000706200000, 0x0000000800000000)
  region size 2048K, 8 young (16384K), 8 survivors (16384K)
 Metaspace       used 27004K, committed 27456K, reserved 1114112K
  class space    used 2860K, committed 3072K, reserved 1048576K
}
Event: 8.164 GC heap before
{Heap before GC invocations=19 (full 0):
 garbage-first heap   total 823296K, used 487454K [0x0000000706200000, 0x0000000800000000)
  region size 2048K, 135 young (276480K), 8 survivors (16384K)
 Metaspace       used 27438K, committed 27904K, reserved 1114112K
  class space    used 2907K, committed 3136K, reserved 1048576K
}

